This file contains any messages produced by compilers while
running configure, to aid debugging if configure makes a mistake.

It was created by sgxautosample configure 1.0, which was
generated by GNU Autoconf 2.69.  Invocation command line was

  $ ./configure --with-openssldir=/usr/include/openssl

## --------- ##
## Platform. ##
## --------- ##

hostname = Everton-OptiPlex-7070
uname -m = x86_64
uname -r = 5.4.0-48-generic
uname -s = Linux
uname -v = #52-Ubuntu SMP Thu Sep 10 10:58:49 UTC 2020

/usr/bin/uname -p = x86_64
/bin/uname -X     = unknown

/bin/arch              = x86_64
/usr/bin/arch -k       = unknown
/usr/convex/getsysinfo = unknown
/usr/bin/hostinfo      = unknown
/bin/machine           = unknown
/usr/bin/oslevel       = unknown
/bin/universe          = unknown

PATH: /usr/local/sbin
PATH: /usr/local/bin
PATH: /usr/sbin
PATH: /usr/bin
PATH: /sbin
PATH: /bin
PATH: /usr/games
PATH: /usr/local/games
PATH: /snap/bin
PATH: /opt/intel/sgxsdk/bin
PATH: /opt/intel/sgxsdk/bin/x64


## ----------- ##
## Core tests. ##
## ----------- ##

configure:2251: checking for a BSD-compatible install
configure:2319: result: /usr/bin/install -c
configure:2330: checking whether build environment is sane
configure:2385: result: yes
configure:2534: checking for a thread-safe mkdir -p
configure:2573: result: /usr/bin/mkdir -p
configure:2580: checking for gawk
configure:2610: result: no
configure:2580: checking for mawk
configure:2596: found /usr/bin/mawk
configure:2607: result: mawk
configure:2618: checking whether make sets $(MAKE)
configure:2640: result: yes
configure:2669: checking whether make supports nested variables
configure:2686: result: yes
configure:2871: checking for g++
configure:2887: found /usr/bin/g++
configure:2898: result: g++
configure:2925: checking for C++ compiler version
configure:2934: g++ --version >&5
g++ (Ubuntu 9.3.0-10ubuntu2) 9.3.0
Copyright (C) 2019 Free Software Foundation, Inc.
This is free software; see the source for copying conditions.  There is NO
warranty; not even for MERCHANTABILITY or FITNESS FOR A PARTICULAR PURPOSE.

configure:2945: $? = 0
configure:2934: g++ -v >&5
Using built-in specs.
COLLECT_GCC=g++
COLLECT_LTO_WRAPPER=/usr/lib/gcc/x86_64-linux-gnu/9/lto-wrapper
OFFLOAD_TARGET_NAMES=nvptx-none:hsa
OFFLOAD_TARGET_DEFAULT=1
Target: x86_64-linux-gnu
Configured with: ../src/configure -v --with-pkgversion='Ubuntu 9.3.0-10ubuntu2' --with-bugurl=file:///usr/share/doc/gcc-9/README.Bugs --enable-languages=c,ada,c++,go,brig,d,fortran,objc,obj-c++,gm2 --prefix=/usr --with-gcc-major-version-only --program-suffix=-9 --program-prefix=x86_64-linux-gnu- --enable-shared --enable-linker-build-id --libexecdir=/usr/lib --without-included-gettext --enable-threads=posix --libdir=/usr/lib --enable-nls --enable-clocale=gnu --enable-libstdcxx-debug --enable-libstdcxx-time=yes --with-default-libstdcxx-abi=new --enable-gnu-unique-object --disable-vtable-verify --enable-plugin --enable-default-pie --with-system-zlib --with-target-system-zlib=auto --enable-objc-gc=auto --enable-multiarch --disable-werror --with-arch-32=i686 --with-abi=m64 --with-multilib-list=m32,m64,mx32 --enable-multilib --with-tune=generic --enable-offload-targets=nvptx-none,hsa --without-cuda-driver --enable-checking=release --build=x86_64-linux-gnu --host=x86_64-linux-gnu --target=x86_64-linux-gnu
Thread model: posix
gcc version 9.3.0 (Ubuntu 9.3.0-10ubuntu2) 
configure:2945: $? = 0
configure:2934: g++ -V >&5
g++: error: unrecognized command line option '-V'
g++: fatal error: no input files
compilation terminated.
configure:2945: $? = 1
configure:2934: g++ -qversion >&5
g++: error: unrecognized command line option '-qversion'; did you mean '--version'?
g++: fatal error: no input files
compilation terminated.
configure:2945: $? = 1
configure:2965: checking whether the C++ compiler works
configure:2987: g++    conftest.cpp  >&5
configure:2991: $? = 0
configure:3039: result: yes
configure:3042: checking for C++ compiler default output file name
configure:3044: result: a.out
configure:3050: checking for suffix of executables
configure:3057: g++ -o conftest    conftest.cpp  >&5
configure:3061: $? = 0
configure:3083: result: 
configure:3105: checking whether we are cross compiling
configure:3113: g++ -o conftest    conftest.cpp  >&5
configure:3117: $? = 0
configure:3124: ./conftest
configure:3128: $? = 0
configure:3116: result: no
configure:3121: checking for suffix of object files
configure:3143: g++ -c   conftest.cpp >&5
configure:3147: $? = 0
configure:3168: result: o
configure:3172: checking whether we are using the GNU C++ compiler
configure:3191: g++ -c   conftest.cpp >&5
configure:3191: $? = 0
configure:3200: result: yes
configure:3209: checking whether g++ accepts -g
configure:3229: g++ -c -g  conftest.cpp >&5
configure:3229: $? = 0
configure:3270: result: yes
configure:3296: checking whether make supports the include directive
configure:3311: make -f confmf.GNU && cat confinc.out
this is the am__doit target
configure:3314: $? = 0
configure:3333: result: yes (GNU style)
configure:3358: checking dependency style of g++
configure:3469: result: gcc3
configure:3532: checking for gcc
configure:3548: found /usr/bin/gcc
configure:3559: result: gcc
configure:3788: checking for C compiler version
configure:3797: gcc --version >&5
gcc (Ubuntu 9.3.0-10ubuntu2) 9.3.0
Copyright (C) 2019 Free Software Foundation, Inc.
This is free software; see the source for copying conditions.  There is NO
warranty; not even for MERCHANTABILITY or FITNESS FOR A PARTICULAR PURPOSE.

configure:3808: $? = 0
configure:3797: gcc -v >&5
Using built-in specs.
COLLECT_GCC=gcc
COLLECT_LTO_WRAPPER=/usr/lib/gcc/x86_64-linux-gnu/9/lto-wrapper
OFFLOAD_TARGET_NAMES=nvptx-none:hsa
OFFLOAD_TARGET_DEFAULT=1
Target: x86_64-linux-gnu
Configured with: ../src/configure -v --with-pkgversion='Ubuntu 9.3.0-10ubuntu2' --with-bugurl=file:///usr/share/doc/gcc-9/README.Bugs --enable-languages=c,ada,c++,go,brig,d,fortran,objc,obj-c++,gm2 --prefix=/usr --with-gcc-major-version-only --program-suffix=-9 --program-prefix=x86_64-linux-gnu- --enable-shared --enable-linker-build-id --libexecdir=/usr/lib --without-included-gettext --enable-threads=posix --libdir=/usr/lib --enable-nls --enable-clocale=gnu --enable-libstdcxx-debug --enable-libstdcxx-time=yes --with-default-libstdcxx-abi=new --enable-gnu-unique-object --disable-vtable-verify --enable-plugin --enable-default-pie --with-system-zlib --with-target-system-zlib=auto --enable-objc-gc=auto --enable-multiarch --disable-werror --with-arch-32=i686 --with-abi=m64 --with-multilib-list=m32,m64,mx32 --enable-multilib --with-tune=generic --enable-offload-targets=nvptx-none,hsa --without-cuda-driver --enable-checking=release --build=x86_64-linux-gnu --host=x86_64-linux-gnu --target=x86_64-linux-gnu
Thread model: posix
gcc version 9.3.0 (Ubuntu 9.3.0-10ubuntu2) 
configure:3808: $? = 0
configure:3797: gcc -V >&5
gcc: error: unrecognized command line option '-V'
gcc: fatal error: no input files
compilation terminated.
configure:3808: $? = 1
configure:3797: gcc -qversion >&5
gcc: error: unrecognized command line option '-qversion'; did you mean '--version'?
gcc: fatal error: no input files
compilation terminated.
configure:3808: $? = 1
configure:3812: checking whether we are using the GNU C compiler
configure:3831: gcc -c   conftest.c >&5
configure:3831: $? = 0
configure:3840: result: yes
configure:3849: checking whether gcc accepts -g
configure:3869: gcc -c -g  conftest.c >&5
configure:3869: $? = 0
configure:3910: result: yes
configure:3927: checking for gcc option to accept ISO C89
configure:3990: gcc  -c -g -O2  conftest.c >&5
configure:3990: $? = 0
configure:4003: result: none needed
configure:4028: checking whether gcc understands -c and -o together
configure:4050: gcc -c conftest.c -o conftest2.o
configure:4053: $? = 0
configure:4050: gcc -c conftest.c -o conftest2.o
configure:4053: $? = 0
configure:4065: result: yes
configure:4084: checking dependency style of gcc
configure:4195: result: gcc3
configure:4215: checking how to run the C preprocessor
configure:4246: gcc -E  conftest.c
configure:4246: $? = 0
configure:4260: gcc -E  conftest.c
conftest.c:11:10: fatal error: ac_nonexistent.h: No such file or directory
   11 | #include <ac_nonexistent.h>
      |          ^~~~~~~~~~~~~~~~~~
compilation terminated.
configure:4260: $? = 1
configure: failed program was:
| /* confdefs.h */
| #define PACKAGE_NAME "sgxautosample"
| #define PACKAGE_TARNAME "sgxautosample"
| #define PACKAGE_VERSION "1.0"
| #define PACKAGE_STRING "sgxautosample 1.0"
| #define PACKAGE_BUGREPORT "john.p.mechalas@intel.com"
| #define PACKAGE_URL ""
| #define PACKAGE "sgxautosample"
| #define VERSION "1.0"
| /* end confdefs.h.  */
| #include <ac_nonexistent.h>
configure:4285: result: gcc -E
configure:4305: gcc -E  conftest.c
configure:4305: $? = 0
configure:4319: gcc -E  conftest.c
conftest.c:11:10: fatal error: ac_nonexistent.h: No such file or directory
   11 | #include <ac_nonexistent.h>
      |          ^~~~~~~~~~~~~~~~~~
compilation terminated.
configure:4319: $? = 1
configure: failed program was:
| /* confdefs.h */
| #define PACKAGE_NAME "sgxautosample"
| #define PACKAGE_TARNAME "sgxautosample"
| #define PACKAGE_VERSION "1.0"
| #define PACKAGE_STRING "sgxautosample 1.0"
| #define PACKAGE_BUGREPORT "john.p.mechalas@intel.com"
| #define PACKAGE_URL ""
| #define PACKAGE "sgxautosample"
| #define VERSION "1.0"
| /* end confdefs.h.  */
| #include <ac_nonexistent.h>
configure:4392: checking for ranlib
configure:4408: found /usr/bin/ranlib
configure:4419: result: ranlib
configure:4645: Found your Intel SGX SDK in /opt/intel/sgxsdk
configure:4702: enabling SGX... yes
configure:4731: checking for grep that handles long lines and -e
configure:4789: result: /usr/bin/grep
configure:4794: checking for egrep
configure:4856: result: /usr/bin/grep -E
configure:4879: checking for xxd
configure:4897: found /usr/bin/xxd
configure:4909: result: /usr/bin/xxd
configure:4930: checking for ANSI C header files
configure:4950: gcc -c -g -O2  conftest.c >&5
configure:4950: $? = 0
configure:5023: gcc -o conftest -g -O2   -L/usr/include/openssl/lib conftest.c  >&5
configure:5023: $? = 0
configure:5023: ./conftest
configure:5023: $? = 0
configure:5034: result: yes
configure:5047: checking for sys/types.h
configure:5047: gcc -c -g -O2  conftest.c >&5
configure:5047: $? = 0
configure:5047: result: yes
configure:5047: checking for sys/stat.h
configure:5047: gcc -c -g -O2  conftest.c >&5
configure:5047: $? = 0
configure:5047: result: yes
configure:5047: checking for stdlib.h
configure:5047: gcc -c -g -O2  conftest.c >&5
configure:5047: $? = 0
configure:5047: result: yes
configure:5047: checking for string.h
configure:5047: gcc -c -g -O2  conftest.c >&5
configure:5047: $? = 0
configure:5047: result: yes
configure:5047: checking for memory.h
configure:5047: gcc -c -g -O2  conftest.c >&5
configure:5047: $? = 0
configure:5047: result: yes
configure:5047: checking for strings.h
configure:5047: gcc -c -g -O2  conftest.c >&5
configure:5047: $? = 0
configure:5047: result: yes
configure:5047: checking for inttypes.h
configure:5047: gcc -c -g -O2  conftest.c >&5
configure:5047: $? = 0
configure:5047: result: yes
configure:5047: checking for stdint.h
configure:5047: gcc -c -g -O2  conftest.c >&5
configure:5047: $? = 0
configure:5047: result: yes
configure:5047: checking for unistd.h
configure:5047: gcc -c -g -O2  conftest.c >&5
configure:5047: $? = 0
configure:5047: result: yes
configure:5062: checking openssl/evp.h usability
configure:5062: gcc -c -g -O2  conftest.c >&5
configure:5062: $? = 0
configure:5062: result: yes
configure:5062: checking openssl/evp.h presence
configure:5062: gcc -E  conftest.c
configure:5062: $? = 0
configure:5062: result: yes
configure:5062: checking for openssl/evp.h
configure:5062: result: yes
configure:5062: checking openssl/x509.h usability
configure:5062: gcc -c -g -O2  conftest.c >&5
configure:5062: $? = 0
configure:5062: result: yes
configure:5062: checking openssl/x509.h presence
configure:5062: gcc -E  conftest.c
configure:5062: $? = 0
configure:5062: result: yes
configure:5062: checking for openssl/x509.h
configure:5062: result: yes
configure:5062: checking openssl/pem.h usability
configure:5062: gcc -c -g -O2  conftest.c >&5
configure:5062: $? = 0
configure:5062: result: yes
configure:5062: checking openssl/pem.h presence
configure:5062: gcc -E  conftest.c
configure:5062: $? = 0
configure:5062: result: yes
configure:5062: checking for openssl/pem.h
configure:5062: result: yes
configure:5077: checking for library containing ECDSA_SIG_set0
configure:5108: gcc -o conftest -g -O2   -L/usr/include/openssl/lib conftest.c  >&5
/usr/local/bin/ld: /tmp/cctoQlvq.o: in function `main':
/home/zhangdl/Desktop/sgx-ra/conftest.c:36: undefined reference to `ECDSA_SIG_set0'
collect2: error: ld returned 1 exit status
configure:5108: $? = 1
configure: failed program was:
| /* confdefs.h */
| #define PACKAGE_NAME "sgxautosample"
| #define PACKAGE_TARNAME "sgxautosample"
| #define PACKAGE_VERSION "1.0"
| #define PACKAGE_STRING "sgxautosample 1.0"
| #define PACKAGE_BUGREPORT "john.p.mechalas@intel.com"
| #define PACKAGE_URL ""
| #define PACKAGE "sgxautosample"
| #define VERSION "1.0"
| #define DEBUG 1
| #define STDC_HEADERS 1
| #define HAVE_SYS_TYPES_H 1
| #define HAVE_SYS_STAT_H 1
| #define HAVE_STDLIB_H 1
| #define HAVE_STRING_H 1
| #define HAVE_MEMORY_H 1
| #define HAVE_STRINGS_H 1
| #define HAVE_INTTYPES_H 1
| #define HAVE_STDINT_H 1
| #define HAVE_UNISTD_H 1
| #define HAVE_OPENSSL_EVP_H 1
| #define HAVE_OPENSSL_X509_H 1
| #define HAVE_OPENSSL_PEM_H 1
| /* end confdefs.h.  */
| 
| /* Override any GCC internal prototype to avoid an error.
|    Use char because int might match the return type of a GCC
|    builtin and then its argument prototype would still apply.  */
| #ifdef __cplusplus
| extern "C"
| #endif
| char ECDSA_SIG_set0 ();
| int
| main ()
| {
| return ECDSA_SIG_set0 ();
|   ;
|   return 0;
| }
configure:5108: gcc -o conftest -g -O2   -L/usr/include/openssl/lib conftest.c -lcrypto   >&5
configure:5108: $? = 0
configure:5125: result: -lcrypto
configure:5162: checking curl/curl.h usability
configure:5162: gcc -c -g -O2  conftest.c >&5
configure:5162: $? = 0
configure:5162: result: yes
configure:5162: checking curl/curl.h presence
configure:5162: gcc -E  conftest.c
configure:5162: $? = 0
configure:5162: result: yes
configure:5162: checking for curl/curl.h
configure:5162: result: yes
configure:5172: checking for library containing curl_easy_init
configure:5203: gcc -o conftest -g -O2   conftest.c  >&5
/usr/local/bin/ld: /tmp/ccwc6yAb.o: in function `main':
/home/zhangdl/Desktop/sgx-ra/conftest.c:36: undefined reference to `curl_easy_init'
collect2: error: ld returned 1 exit status
configure:5203: $? = 1
configure: failed program was:
| /* confdefs.h */
| #define PACKAGE_NAME "sgxautosample"
| #define PACKAGE_TARNAME "sgxautosample"
| #define PACKAGE_VERSION "1.0"
| #define PACKAGE_STRING "sgxautosample 1.0"
| #define PACKAGE_BUGREPORT "john.p.mechalas@intel.com"
| #define PACKAGE_URL ""
| #define PACKAGE "sgxautosample"
| #define VERSION "1.0"
| #define DEBUG 1
| #define STDC_HEADERS 1
| #define HAVE_SYS_TYPES_H 1
| #define HAVE_SYS_STAT_H 1
| #define HAVE_STDLIB_H 1
| #define HAVE_STRING_H 1
| #define HAVE_MEMORY_H 1
| #define HAVE_STRINGS_H 1
| #define HAVE_INTTYPES_H 1
| #define HAVE_STDINT_H 1
| #define HAVE_UNISTD_H 1
| #define HAVE_OPENSSL_EVP_H 1
| #define HAVE_OPENSSL_X509_H 1
| #define HAVE_OPENSSL_PEM_H 1
| /* end confdefs.h.  */
| 
| /* Override any GCC internal prototype to avoid an error.
|    Use char because int might match the return type of a GCC
|    builtin and then its argument prototype would still apply.  */
| #ifdef __cplusplus
| extern "C"
| #endif
| char curl_easy_init ();
| int
| main ()
| {
| return curl_easy_init ();
|   ;
|   return 0;
| }
configure:5203: gcc -o conftest -g -O2   conftest.c -lcurl   >&5
configure:5203: $? = 0
configure:5220: result: -lcurl
configure:5274: checking CA bundle file
configure:5285: result: /etc/ssl/certs/ca-certificates.crt
configure:5400: checking that generated files are newer than configure
configure:5406: result: done
configure:5449: creating ./config.status

## ---------------------- ##
## Running config.status. ##
## ---------------------- ##

This file was extended by sgxautosample config.status 1.0, which was
generated by GNU Autoconf 2.69.  Invocation command line was

  CONFIG_FILES    = 
  CONFIG_HEADERS  = 
  CONFIG_LINKS    = 
  CONFIG_COMMANDS = 
  $ ./config.status 

on Everton-OptiPlex-7070

config.status:907: creating mrsigner.sh
config.status:907: creating run-server
config.status:907: creating run-client
config.status:907: creating Makefile
config.status:907: creating Enclave/Makefile
config.status:907: creating config.h
config.status:1088: config.h is unchanged
config.status:1136: executing depfiles commands
config.status:1213: cd .       && sed -e '/# am--include-marker/d' Makefile         | make -f - am--depfiles
make: Nothing to be done for 'am--depfiles'.
config.status:1218: $? = 0
config.status:1213: cd Enclave       && sed -e '/# am--include-marker/d' Makefile         | make -f - am--depfiles
make: Nothing to be done for 'am--depfiles'.
config.status:1218: $? = 0

## ---------------- ##
## Cache variables. ##
## ---------------- ##

ac_cv_c_compiler_gnu=yes
ac_cv_cxx_compiler_gnu=yes
ac_cv_default_ca_bundle_auto=/etc/ssl/certs/ca-certificates.crt
ac_cv_enable_sgx=yes
ac_cv_env_CCC_set=
ac_cv_env_CCC_value=
ac_cv_env_CC_set=
ac_cv_env_CC_value=
ac_cv_env_CFLAGS_set=
ac_cv_env_CFLAGS_value=
ac_cv_env_CPPFLAGS_set=
ac_cv_env_CPPFLAGS_value=
ac_cv_env_CPP_set=
ac_cv_env_CPP_value=
ac_cv_env_CXXFLAGS_set=
ac_cv_env_CXXFLAGS_value=
ac_cv_env_CXX_set=
ac_cv_env_CXX_value=
ac_cv_env_LDFLAGS_set=
ac_cv_env_LDFLAGS_value=
ac_cv_env_LIBS_set=
ac_cv_env_LIBS_value=
ac_cv_env_build_alias_set=
ac_cv_env_build_alias_value=
ac_cv_env_host_alias_set=
ac_cv_env_host_alias_value=
ac_cv_env_target_alias_set=
ac_cv_env_target_alias_value=
ac_cv_header_curl_curl_h=yes
ac_cv_header_inttypes_h=yes
ac_cv_header_memory_h=yes
ac_cv_header_openssl_evp_h=yes
ac_cv_header_openssl_pem_h=yes
ac_cv_header_openssl_x509_h=yes
ac_cv_header_stdc=yes
ac_cv_header_stdint_h=yes
ac_cv_header_stdlib_h=yes
ac_cv_header_string_h=yes
ac_cv_header_strings_h=yes
ac_cv_header_sys_stat_h=yes
ac_cv_header_sys_types_h=yes
ac_cv_header_unistd_h=yes
ac_cv_objext=o
ac_cv_path_EGREP='/usr/bin/grep -E'
ac_cv_path_GREP=/usr/bin/grep
ac_cv_path_have_xxd=/usr/bin/xxd
ac_cv_path_install='/usr/bin/install -c'
ac_cv_path_mkdir=/usr/bin/mkdir
ac_cv_prog_AWK=mawk
ac_cv_prog_CPP='gcc -E'
ac_cv_prog_ac_ct_CC=gcc
ac_cv_prog_ac_ct_CXX=g++
ac_cv_prog_ac_ct_RANLIB=ranlib
ac_cv_prog_cc_c89=
ac_cv_prog_cc_g=yes
ac_cv_prog_cxx_g=yes
ac_cv_prog_make_make_set=yes
ac_cv_search_ECDSA_SIG_set0=-lcrypto
ac_cv_search_curl_easy_init=-lcurl
ac_cv_sgx_enclave_ldadd='-Wl,--no-undefined -Wl,--whole-archive -lsgx_trts -Wl,--no-whole-archive -Wl,--start-group -lsgx_tstdc -lsgx_tcrypto -lsgx_tservice_lib -Wl,--end-group -Wl,-Bstatic -Wl,-Bsymbolic -Wl,-pie,-eenclave_entry -Wl,--export-dynamic -Wl,--defsym,__ImageBase=0'
ac_cv_sgx_enclave_ldflags='-nostdlib -nodefaultlibs -nostartfiles -L/opt/intel/sgxsdk/lib64'
ac_cv_sgx_init=yes
ac_cv_sgx_sdk=/opt/intel/sgxsdk
ac_cv_sgx_sdk_bindir=/opt/intel/sgxsdk/bin/x64
ac_cv_sgx_sdk_incdir=/opt/intel/sgxsdk/include
ac_cv_sgx_sdk_libdir=/opt/intel/sgxsdk/lib64
ac_cv_sgx_tlib_cflags='-nostdinc -fvisibility=hidden -fpie -fstack-protector'
ac_cv_sgx_tlib_cppflags='-I/opt/intel/sgxsdk/include -I/opt/intel/sgxsdk/include/tlibc'
ac_cv_sgx_tlib_cxxflags='-nostdinc++ -fvisibility=hidden -fpie -fstack-protector'
am_cv_CC_dependencies_compiler_type=gcc3
am_cv_CXX_dependencies_compiler_type=gcc3
am_cv_make_support_nested_variables=yes
am_cv_prog_cc_c_o=yes

## ----------------- ##
## Output variables. ##
## ----------------- ##

ACLOCAL='${SHELL} /home/zhangdl/Desktop/sgx-ra/missing aclocal-1.16'
AGENT_CURL_FALSE='#'
AGENT_CURL_SRC='agent_curl.cpp'
AGENT_CURL_TRUE=''
AMDEPBACKSLASH='\'
AMDEP_FALSE='#'
AMDEP_TRUE=''
AMTAR='$${TAR-tar}'
AM_BACKSLASH='\'
AM_DEFAULT_V='$(AM_DEFAULT_VERBOSITY)'
AM_DEFAULT_VERBOSITY='1'
AM_V='$(V)'
AUTOCONF='${SHELL} /home/zhangdl/Desktop/sgx-ra/missing autoconf'
AUTOHEADER='${SHELL} /home/zhangdl/Desktop/sgx-ra/missing autoheader'
AUTOMAKE='${SHELL} /home/zhangdl/Desktop/sgx-ra/missing automake-1.16'
AWK='mawk'
CC='gcc'
CCDEPMODE='depmode=gcc3'
CFLAGS='-g -O2'
CPP='gcc -E'
CPPFLAGS=''
CURL_CPPFLAGS=''
CURL_LDFLAGS=''
CURL_LIBDIR=''
CURL_LIBS='-lcurl'
CXX='g++'
CXXDEPMODE='depmode=gcc3'
CXXFLAGS='-g -O2'
CYGPATH_W='echo'
DEFS='-DHAVE_CONFIG_H'
DEPDIR='.deps'
ECHO_C=''
ECHO_N='-n'
ECHO_T=''
EGREP='/usr/bin/grep -E'
ENCLAVE_RELEASE_SIGN_FALSE=''
ENCLAVE_RELEASE_SIGN_TRUE='#'
ENCLAVE_SIGN_TARGET='signed_enclave_dev'
EXEEXT=''
GREP='/usr/bin/grep'
INSTALL_DATA='${INSTALL} -m 644'
INSTALL_PROGRAM='${INSTALL}'
INSTALL_SCRIPT='${INSTALL}'
INSTALL_STRIP_PROGRAM='$(install_sh) -c -s'
LDFLAGS=''
LIBOBJS=''
LIBS=''
LIBS_HW_SIMU=''
LTLIBOBJS=''
MAKEINFO='${SHELL} /home/zhangdl/Desktop/sgx-ra/missing makeinfo'
MKDIR_P='/usr/bin/mkdir -p'
OBJEXT='o'
OPENSSL_CPPFLAGS='-I/usr/include/openssl/include'
OPENSSL_LDFLAGS='-L/usr/include/openssl/lib'
OPENSSL_LIBDIR='/usr/include/openssl/lib'
PACKAGE='sgxautosample'
PACKAGE_BUGREPORT='john.p.mechalas@intel.com'
PACKAGE_NAME='sgxautosample'
PACKAGE_STRING='sgxautosample 1.0'
PACKAGE_TARNAME='sgxautosample'
PACKAGE_URL=''
PACKAGE_VERSION='1.0'
PATH_SEPARATOR=':'
RANLIB='ranlib'
SET_MAKE=''
SGXSDK='/opt/intel/sgxsdk'
SGXSDK_BINDIR='/opt/intel/sgxsdk/bin/x64'
SGXSDK_INCDIR='/opt/intel/sgxsdk/include'
SGXSDK_LIBDIR='/opt/intel/sgxsdk/lib64'
SGXSSL='/opt/intel/sgxssl'
SGXSSL_INCDIR='/opt/intel/sgxssl/include'
SGXSSL_LIBDIR='/opt/intel/sgxssl/lib64'
SGX_DEBUG_FLAGS=''
SGX_ENABLED_FALSE='#'
SGX_ENABLED_TRUE=''
SGX_ENCLAVE_CFLAGS='-nostdinc -fvisibility=hidden -fpie -ffunction-sections -fdata-sections -fstack-protector'
SGX_ENCLAVE_CPPFLAGS='-I$(SGXSDK_INCDIR) -I$(SGXSDK_INCDIR)/tlibc'
SGX_ENCLAVE_CXXFLAGS='-nostdinc++ -fvisibility=hidden -fpie -ffunction-sections -fdata-sections -fstack-protector'
SGX_ENCLAVE_LDADD='-Wl,--no-undefined -Wl,--whole-archive -l$(SGX_TRTS_LIB) -Wl,--no-whole-archive -Wl,--start-group $(SGX_EXTRA_TLIBS) -lsgx_tstdc -lsgx_tcrypto -l$(SGX_TSERVICE_LIB) -Wl,--end-group -Wl,-Bstatic -Wl,-Bsymbolic -Wl,-pie,-eenclave_entry -Wl,--export-dynamic -Wl,--defsym,__ImageBase=0'
SGX_ENCLAVE_LDFLAGS='-nostdlib -nodefaultlibs -nostartfiles -L$(SGXSDK_LIBDIR)'
SGX_HW_SIM_FALSE=''
SGX_HW_SIM_TRUE='#'
SGX_TLIB_CFLAGS='-nostdinc -fvisibility=hidden -fpie -fstack-protector'
SGX_TLIB_CPPFLAGS='-I$(SGXSDK_INCDIR) -I$(SGXSDK_INCDIR)/tlibc'
SGX_TLIB_CXXFLAGS='-nostdinc++ -fvisibility=hidden -fpie -fstack-protector'
SGX_TRTS_LIB='sgx_trts'
SGX_TSERVICE_LIB='sgx_tservice'
SGX_UAE_SERVICE_LIB='sgx_uae_service'
SGX_URTS_LIB='sgx_urts'
SHELL='/bin/bash'
STRIP=''
VERSION='1.0'
ac_ct_CC='gcc'
ac_ct_CXX='g++'
am__EXEEXT_FALSE=''
am__EXEEXT_TRUE='#'
am__fastdepCC_FALSE='#'
am__fastdepCC_TRUE=''
am__fastdepCXX_FALSE='#'
am__fastdepCXX_TRUE=''
am__include='include'
am__isrc=''
am__leading_dot='.'
am__nodep='_no'
am__quote=''
am__tar='$${TAR-tar} chof - "$$tardir"'
am__untar='$${TAR-tar} xf -'
bindir='${exec_prefix}/bin'
build_alias=''
datadir='${datarootdir}'
datarootdir='${prefix}/share'
docdir='${datarootdir}/doc/${PACKAGE_TARNAME}'
dvidir='${docdir}'
enclave_libdir='${exec_prefix}/libexec'
exec_prefix='${prefix}'
have_xxd='/usr/bin/xxd'
host_alias=''
htmldir='${docdir}'
includedir='${prefix}/include'
infodir='${datarootdir}/info'
install_sh='${SHELL} /home/zhangdl/Desktop/sgx-ra/install-sh'
libdir='${exec_prefix}/lib'
libexecdir='${exec_prefix}/libexec'
localedir='${datarootdir}/locale'
localstatedir='${prefix}/var'
mandir='${datarootdir}/man'
mkdir_p='$(MKDIR_P)'
oldincludedir='/usr/include'
pdfdir='${docdir}'
prefix='/usr/local'
program_transform_name='s,x,x,'
psdir='${docdir}'
runstatedir='${localstatedir}/run'
sbindir='${exec_prefix}/sbin'
sharedstatedir='${prefix}/com'
sysconfdir='${prefix}/etc'
target_alias=''

## ----------- ##
## confdefs.h. ##
## ----------- ##

/* confdefs.h */
#define PACKAGE_NAME "sgxautosample"
#define PACKAGE_TARNAME "sgxautosample"
#define PACKAGE_VERSION "1.0"
#define PACKAGE_STRING "sgxautosample 1.0"
#define PACKAGE_BUGREPORT "john.p.mechalas@intel.com"
#define PACKAGE_URL ""
#define PACKAGE "sgxautosample"
#define VERSION "1.0"
#define DEBUG 1
#define STDC_HEADERS 1
#define HAVE_SYS_TYPES_H 1
#define HAVE_SYS_STAT_H 1
#define HAVE_STDLIB_H 1
#define HAVE_STRING_H 1
#define HAVE_MEMORY_H 1
#define HAVE_STRINGS_H 1
#define HAVE_INTTYPES_H 1
#define HAVE_STDINT_H 1
#define HAVE_UNISTD_H 1
#define HAVE_OPENSSL_EVP_H 1
#define HAVE_OPENSSL_X509_H 1
#define HAVE_OPENSSL_PEM_H 1
#define AGENT_LIBCURL 1
#define DEFAULT_CA_BUNDLE_AUTO "/etc/ssl/certs/ca-certificates.crt"

configure: exit 0

## ---------------------- ##
## Running config.status. ##
## ---------------------- ##

This file was extended by sgxautosample config.status 1.0, which was
generated by GNU Autoconf 2.69.  Invocation command line was

  CONFIG_FILES    = 
  CONFIG_HEADERS  = 
  CONFIG_LINKS    = 
  CONFIG_COMMANDS = 
  $ ./config.status config.h

on Everton-OptiPlex-7070

config.status:907: creating config.h
config.status:1088: config.h is unchanged
