c:\users\sjtu5\desktop\sgx-ra-sample\vs\client\x64\debug\vc142.pdb
c:\users\sjtu5\desktop\sgx-ra-sample\vs\client\x64\debug\vc142.idb
c:\users\sjtu5\desktop\sgx-ra-sample\vs\client\x64\debug\sgx_detect_win.obj
c:\users\sjtu5\desktop\sgx-ra-sample\vs\client\x64\debug\msgio.obj
c:\users\sjtu5\desktop\sgx-ra-sample\vs\client\x64\debug\common.obj
c:\users\sjtu5\desktop\sgx-ra-sample\vs\client\x64\debug\client.obj
c:\users\sjtu5\desktop\sgx-ra-sample\vs\client\x64\debug\enclave_u.obj
c:\users\sjtu5\desktop\sgx-ra-sample\vs\client\x64\debug\getopt.obj
c:\users\sjtu5\desktop\sgx-ra-sample\vs\client\x64\debug\quote_size.obj
c:\users\sjtu5\desktop\sgx-ra-sample\vs\client\x64\debug\logfile.obj
c:\users\sjtu5\desktop\sgx-ra-sample\vs\client\x64\debug\hexutil.obj
c:\users\sjtu5\desktop\sgx-ra-sample\vs\client\x64\debug\fileio.obj
c:\users\sjtu5\desktop\sgx-ra-sample\vs\client\x64\debug\crypto.obj
c:\users\sjtu5\desktop\sgx-ra-sample\vs\client\enclave_u.h
c:\users\sjtu5\desktop\sgx-ra-sample\vs\client\enclave_u.c
c:\users\sjtu5\desktop\sgx-ra-sample\vs\x64\debug\client.ilk
c:\users\sjtu5\desktop\sgx-ra-sample\vs\x64\debug\client.exe
c:\users\sjtu5\desktop\sgx-ra-sample\vs\x64\debug\client.pdb
c:\users\sjtu5\desktop\sgx-ra-sample\vs\client\x64\debug\client.tlog\cl.command.1.tlog
c:\users\sjtu5\desktop\sgx-ra-sample\vs\client\x64\debug\client.tlog\cl.read.1.tlog
c:\users\sjtu5\desktop\sgx-ra-sample\vs\client\x64\debug\client.tlog\cl.write.1.tlog
c:\users\sjtu5\desktop\sgx-ra-sample\vs\client\x64\debug\client.tlog\custombuild.command.1.tlog
c:\users\sjtu5\desktop\sgx-ra-sample\vs\client\x64\debug\client.tlog\custombuild.read.1.tlog
c:\users\sjtu5\desktop\sgx-ra-sample\vs\client\x64\debug\client.tlog\custombuild.write.1.tlog
c:\users\sjtu5\desktop\sgx-ra-sample\vs\client\x64\debug\client.tlog\link.command.1.tlog
c:\users\sjtu5\desktop\sgx-ra-sample\vs\client\x64\debug\client.tlog\link.read.1.tlog
c:\users\sjtu5\desktop\sgx-ra-sample\vs\client\x64\debug\client.tlog\link.write.1.tlog
