  Creating proxy/bridge routines
  Enclave.cpp
  Enclave_t.c
    正在创建库 C:\Users\sjtu5\Desktop\sgx-ra-sample\vs\x64\Debug\Enclave.lib 和对象 C:\Users\sjtu5\Desktop\sgx-ra-sample\vs\x64\Debug\Enclave.exp
  Enclave.vcxproj -> C:\Users\sjtu5\Desktop\sgx-ra-sample\vs\x64\Debug\Enclave.dll
  sign the enclave
  The required memory is 0x1f1000.
  <EnclaveConfiguration>
      <ProdID>0</ProdID>
      <ISVSVN>1</ISVSVN>
      <StackMaxSize>0x40000</StackMaxSize>
      <HeapMaxSize>0x100000</HeapMaxSize>
      <TCSNum>1</TCSNum>
      <TCSPolicy>1</TCSPolicy>
      <!-- Recommend changing 'DisableDebug' to 1 to make the enclave undebuggable for enclave release -->
      <DisableDebug>0</DisableDebug>
      <MiscSelect>0</MiscSelect>
      <MiscMask>0xFFFFFFFF</MiscMask>
  </EnclaveConfiguration>
  Succeed.
